This is pdfTeX, Version 3.14159265-2.6-1.40.21 (MiKTeX 20.6.29) (preloaded format=pdflatex 2020.9.21)  22 SEP 2020 22:08
entering extended mode
**./actividad_01.tex
(actividad_01.tex
LaTeX2e <2020-02-02> patch level 5
L3 programming layer <2020-06-18> (D:\MiKTex\tex/latex/base\article.cls
Document Class: article 2019/12/20 v1.4l Standard LaTeX document class
(D:\MiKTex\tex/latex/base\size10.clo
File: size10.clo 2019/12/20 v1.4l Standard LaTeX file (size option)
)
\c@part=\count167
\c@section=\count168
\c@subsection=\count169
\c@subsubsection=\count170
\c@paragraph=\count171
\c@subparagraph=\count172
\c@figure=\count173
\c@table=\count174
\abovecaptionskip=\skip47
\belowcaptionskip=\skip48
\bibindent=\dimen134
)
(D:\MiKTex\tex/latex/geometry\geometry.sty
Package: geometry 2020/01/02 v5.9 Page Geometry

(D:\MiKTex\tex/latex/graphics\keyval.sty
Package: keyval 2014/10/28 v1.15 key=value parser (DPC)
\KV@toks@=\toks15
)
(D:\MiKTex\tex/generic/iftex\ifvtex.sty
Package: ifvtex 2019/10/25 v1.7 ifvtex legacy package. Use iftex instead.
 (D:\MiKTex\tex/generic/iftex\iftex.sty
Package: iftex 2020/03/06 v1.0d TeX engine tests
))
\Gm@cnth=\count175
\Gm@cntv=\count176
\c@Gm@tempcnt=\count177
\Gm@bindingoffset=\dimen135
\Gm@wd@mp=\dimen136
\Gm@odd@mp=\dimen137
\Gm@even@mp=\dimen138
\Gm@layoutwidth=\dimen139
\Gm@layoutheight=\dimen140
\Gm@layouthoffset=\dimen141
\Gm@layoutvoffset=\dimen142
\Gm@dimlist=\toks16
 (D:\MiKTex\tex/latex/geometry\geometry.cfg))
(D:\MiKTex\tex/latex/base\inputenc.sty
Package: inputenc 2018/08/11 v1.3c Input encoding file
\inpenc@prehook=\toks17
\inpenc@posthook=\toks18
)
(D:\MiKTex\tex/latex/fancyhdr\fancyhdr.sty
Package: fancyhdr 2019/01/31 v3.10 Extensive control of page headers and footer
s
\f@nch@headwidth=\skip49
\f@nch@O@elh=\skip50
\f@nch@O@erh=\skip51
\f@nch@O@olh=\skip52
\f@nch@O@orh=\skip53
\f@nch@O@elf=\skip54
\f@nch@O@erf=\skip55
\f@nch@O@olf=\skip56
\f@nch@O@orf=\skip57
)
(D:\MiKTex\tex/latex/graphics\graphicx.sty
Package: graphicx 2019/11/30 v1.2a Enhanced LaTeX Graphics (DPC,SPQR)

(D:\MiKTex\tex/latex/graphics\graphics.sty
Package: graphics 2019/11/30 v1.4a Standard LaTeX Graphics (DPC,SPQR)

(D:\MiKTex\tex/latex/graphics\trig.sty
Package: trig 2016/01/03 v1.10 sin cos tan (DPC)
)
(D:\MiKTex\tex/latex/graphics-cfg\graphics.cfg
File: graphics.cfg 2016/06/04 v1.11 sample graphics configuration
)
Package graphics Info: Driver file: pdftex.def on input line 105.

(D:\MiKTex\tex/latex/graphics-def\pdftex.def
File: pdftex.def 2018/01/08 v1.0l Graphics/color driver for pdftex
))
\Gin@req@height=\dimen143
\Gin@req@width=\dimen144
)
(D:\MiKTex\tex/latex/background\background.sty
Package: background 2014/03/04 v2.1 background material

(D:\MiKTex\tex/latex/xkeyval\xkeyval.sty
Package: xkeyval 2014/12/03 v2.7a package option processing (HA)

(D:\MiKTex\tex/generic/xkeyval\xkeyval.tex
(D:\MiKTex\tex/generic/xkeyval\xkvutils.tex
\XKV@toks=\toks19
\XKV@tempa@toks=\toks20
)
\XKV@depth=\count178
File: xkeyval.tex 2014/12/03 v2.7a key=value parser (HA)
))
(D:\MiKTex\tex/latex/pgf/frontendlayer\tikz.sty
(D:\MiKTex\tex/latex/pgf/basiclayer\pgf.sty
(D:\MiKTex\tex/latex/pgf/utilities\pgfrcs.sty
(D:\MiKTex\tex/generic/pgf/utilities\pgfutil-common.tex
\pgfutil@everybye=\toks21
\pgfutil@tempdima=\dimen145
\pgfutil@tempdimb=\dimen146

(D:\MiKTex\tex/generic/pgf/utilities\pgfutil-common-lists.tex))
(D:\MiKTex\tex/generic/pgf/utilities\pgfutil-latex.def
\pgfutil@abb=\box45

(D:\MiKTex\tex/latex/ms\everyshi.sty
Package: everyshi 2001/05/15 v3.00 EveryShipout Package (MS)
))
(D:\MiKTex\tex/generic/pgf/utilities\pgfrcs.code.tex
(D:\MiKTex\tex/generic/pgf\pgf.revision.tex)
Package: pgfrcs 2020/01/08 v3.1.5b (3.1.5b)
))
Package: pgf 2020/01/08 v3.1.5b (3.1.5b)

(D:\MiKTex\tex/latex/pgf/basiclayer\pgfcore.sty
(D:\MiKTex\tex/latex/pgf/systemlayer\pgfsys.sty
(D:\MiKTex\tex/generic/pgf/systemlayer\pgfsys.code.tex
Package: pgfsys 2020/01/08 v3.1.5b (3.1.5b)

(D:\MiKTex\tex/generic/pgf/utilities\pgfkeys.code.tex
\pgfkeys@pathtoks=\toks22
\pgfkeys@temptoks=\toks23

(D:\MiKTex\tex/generic/pgf/utilities\pgfkeysfiltered.code.tex
\pgfkeys@tmptoks=\toks24
))
\pgf@x=\dimen147
\pgf@y=\dimen148
\pgf@xa=\dimen149
\pgf@ya=\dimen150
\pgf@xb=\dimen151
\pgf@yb=\dimen152
\pgf@xc=\dimen153
\pgf@yc=\dimen154
\pgf@xd=\dimen155
\pgf@yd=\dimen156
\w@pgf@writea=\write3
\r@pgf@reada=\read2
\c@pgf@counta=\count179
\c@pgf@countb=\count180
\c@pgf@countc=\count181
\c@pgf@countd=\count182
\t@pgf@toka=\toks25
\t@pgf@tokb=\toks26
\t@pgf@tokc=\toks27
\pgf@sys@id@count=\count183

(D:\MiKTex\tex/generic/pgf/systemlayer\pgf.cfg
File: pgf.cfg 2020/01/08 v3.1.5b (3.1.5b)
)
Driver file for pgf: pgfsys-pdftex.def

(D:\MiKTex\tex/generic/pgf/systemlayer\pgfsys-pdftex.def
File: pgfsys-pdftex.def 2020/01/08 v3.1.5b (3.1.5b)

(D:\MiKTex\tex/generic/pgf/systemlayer\pgfsys-common-pdf.def
File: pgfsys-common-pdf.def 2020/01/08 v3.1.5b (3.1.5b)
)))
(D:\MiKTex\tex/generic/pgf/systemlayer\pgfsyssoftpath.code.tex
File: pgfsyssoftpath.code.tex 2020/01/08 v3.1.5b (3.1.5b)
\pgfsyssoftpath@smallbuffer@items=\count184
\pgfsyssoftpath@bigbuffer@items=\count185
)
(D:\MiKTex\tex/generic/pgf/systemlayer\pgfsysprotocol.code.tex
File: pgfsysprotocol.code.tex 2020/01/08 v3.1.5b (3.1.5b)
))
(D:\MiKTex\tex/latex/xcolor\xcolor.sty
Package: xcolor 2016/05/11 v2.12 LaTeX color extensions (UK)

(D:\MiKTex\tex/latex/graphics-cfg\color.cfg
File: color.cfg 2016/01/02 v1.6 sample color configuration
)
Package xcolor Info: Driver file: pdftex.def on input line 225.
Package xcolor Info: Model `cmy' substituted by `cmy0' on input line 1348.
Package xcolor Info: Model `hsb' substituted by `rgb' on input line 1352.
Package xcolor Info: Model `RGB' extended on input line 1364.
Package xcolor Info: Model `HTML' substituted by `rgb' on input line 1366.
Package xcolor Info: Model `Hsb' substituted by `hsb' on input line 1367.
Package xcolor Info: Model `tHsb' substituted by `hsb' on input line 1368.
Package xcolor Info: Model `HSB' substituted by `hsb' on input line 1369.
Package xcolor Info: Model `Gray' substituted by `gray' on input line 1370.
Package xcolor Info: Model `wave' substituted by `hsb' on input line 1371.
)
(D:\MiKTex\tex/generic/pgf/basiclayer\pgfcore.code.tex
Package: pgfcore 2020/01/08 v3.1.5b (3.1.5b)

(D:\MiKTex\tex/generic/pgf/math\pgfmath.code.tex
(D:\MiKTex\tex/generic/pgf/math\pgfmathcalc.code.tex
(D:\MiKTex\tex/generic/pgf/math\pgfmathutil.code.tex)
(D:\MiKTex\tex/generic/pgf/math\pgfmathparser.code.tex
\pgfmath@dimen=\dimen157
\pgfmath@count=\count186
\pgfmath@box=\box46
\pgfmath@toks=\toks28
\pgfmath@stack@operand=\toks29
\pgfmath@stack@operation=\toks30
)
(D:\MiKTex\tex/generic/pgf/math\pgfmathfunctions.code.tex
(D:\MiKTex\tex/generic/pgf/math\pgfmathfunctions.basic.code.tex)
(D:\MiKTex\tex/generic/pgf/math\pgfmathfunctions.trigonometric.code.tex)
(D:\MiKTex\tex/generic/pgf/math\pgfmathfunctions.random.code.tex)
(D:\MiKTex\tex/generic/pgf/math\pgfmathfunctions.comparison.code.tex)
(D:\MiKTex\tex/generic/pgf/math\pgfmathfunctions.base.code.tex)
(D:\MiKTex\tex/generic/pgf/math\pgfmathfunctions.round.code.tex)
(D:\MiKTex\tex/generic/pgf/math\pgfmathfunctions.misc.code.tex)
(D:\MiKTex\tex/generic/pgf/math\pgfmathfunctions.integerarithmetics.code.tex)))
(D:\MiKTex\tex/generic/pgf/math\pgfmathfloat.code.tex
\c@pgfmathroundto@lastzeros=\count187
))
(D:\MiKTex\tex/generic/pgf/math\pgfint.code.tex)
(D:\MiKTex\tex/generic/pgf/basiclayer\pgfcorepoints.code.tex
File: pgfcorepoints.code.tex 2020/01/08 v3.1.5b (3.1.5b)
\pgf@picminx=\dimen158
\pgf@picmaxx=\dimen159
\pgf@picminy=\dimen160
\pgf@picmaxy=\dimen161
\pgf@pathminx=\dimen162
\pgf@pathmaxx=\dimen163
\pgf@pathminy=\dimen164
\pgf@pathmaxy=\dimen165
\pgf@xx=\dimen166
\pgf@xy=\dimen167
\pgf@yx=\dimen168
\pgf@yy=\dimen169
\pgf@zx=\dimen170
\pgf@zy=\dimen171
)
(D:\MiKTex\tex/generic/pgf/basiclayer\pgfcorepathconstruct.code.tex
File: pgfcorepathconstruct.code.tex 2020/01/08 v3.1.5b (3.1.5b)
\pgf@path@lastx=\dimen172
\pgf@path@lasty=\dimen173
)
(D:\MiKTex\tex/generic/pgf/basiclayer\pgfcorepathusage.code.tex
File: pgfcorepathusage.code.tex 2020/01/08 v3.1.5b (3.1.5b)
\pgf@shorten@end@additional=\dimen174
\pgf@shorten@start@additional=\dimen175
)
(D:\MiKTex\tex/generic/pgf/basiclayer\pgfcorescopes.code.tex
File: pgfcorescopes.code.tex 2020/01/08 v3.1.5b (3.1.5b)
\pgfpic=\box47
\pgf@hbox=\box48
\pgf@layerbox@main=\box49
\pgf@picture@serial@count=\count188
)
(D:\MiKTex\tex/generic/pgf/basiclayer\pgfcoregraphicstate.code.tex
File: pgfcoregraphicstate.code.tex 2020/01/08 v3.1.5b (3.1.5b)
\pgflinewidth=\dimen176
)
(D:\MiKTex\tex/generic/pgf/basiclayer\pgfcoretransformations.code.tex
File: pgfcoretransformations.code.tex 2020/01/08 v3.1.5b (3.1.5b)
\pgf@pt@x=\dimen177
\pgf@pt@y=\dimen178
\pgf@pt@temp=\dimen179
)
(D:\MiKTex\tex/generic/pgf/basiclayer\pgfcorequick.code.tex
File: pgfcorequick.code.tex 2020/01/08 v3.1.5b (3.1.5b)
)
(D:\MiKTex\tex/generic/pgf/basiclayer\pgfcoreobjects.code.tex
File: pgfcoreobjects.code.tex 2020/01/08 v3.1.5b (3.1.5b)
)
(D:\MiKTex\tex/generic/pgf/basiclayer\pgfcorepathprocessing.code.tex
File: pgfcorepathprocessing.code.tex 2020/01/08 v3.1.5b (3.1.5b)
)
(D:\MiKTex\tex/generic/pgf/basiclayer\pgfcorearrows.code.tex
File: pgfcorearrows.code.tex 2020/01/08 v3.1.5b (3.1.5b)
\pgfarrowsep=\dimen180
)
(D:\MiKTex\tex/generic/pgf/basiclayer\pgfcoreshade.code.tex
File: pgfcoreshade.code.tex 2020/01/08 v3.1.5b (3.1.5b)
\pgf@max=\dimen181
\pgf@sys@shading@range@num=\count189
\pgf@shadingcount=\count190
)
(D:\MiKTex\tex/generic/pgf/basiclayer\pgfcoreimage.code.tex
File: pgfcoreimage.code.tex 2020/01/08 v3.1.5b (3.1.5b)

(D:\MiKTex\tex/generic/pgf/basiclayer\pgfcoreexternal.code.tex
File: pgfcoreexternal.code.tex 2020/01/08 v3.1.5b (3.1.5b)
\pgfexternal@startupbox=\box50
))
(D:\MiKTex\tex/generic/pgf/basiclayer\pgfcorelayers.code.tex
File: pgfcorelayers.code.tex 2020/01/08 v3.1.5b (3.1.5b)
)
(D:\MiKTex\tex/generic/pgf/basiclayer\pgfcoretransparency.code.tex
File: pgfcoretransparency.code.tex 2020/01/08 v3.1.5b (3.1.5b)
)
(D:\MiKTex\tex/generic/pgf/basiclayer\pgfcorepatterns.code.tex
File: pgfcorepatterns.code.tex 2020/01/08 v3.1.5b (3.1.5b)
)
(D:\MiKTex\tex/generic/pgf/basiclayer\pgfcorerdf.code.tex
File: pgfcorerdf.code.tex 2020/01/08 v3.1.5b (3.1.5b)
)))
(D:\MiKTex\tex/generic/pgf/modules\pgfmoduleshapes.code.tex
File: pgfmoduleshapes.code.tex 2020/01/08 v3.1.5b (3.1.5b)
\pgfnodeparttextbox=\box51
)
(D:\MiKTex\tex/generic/pgf/modules\pgfmoduleplot.code.tex
File: pgfmoduleplot.code.tex 2020/01/08 v3.1.5b (3.1.5b)
)
(D:\MiKTex\tex/latex/pgf/compatibility\pgfcomp-version-0-65.sty
Package: pgfcomp-version-0-65 2020/01/08 v3.1.5b (3.1.5b)
\pgf@nodesepstart=\dimen182
\pgf@nodesepend=\dimen183
)
(D:\MiKTex\tex/latex/pgf/compatibility\pgfcomp-version-1-18.sty
Package: pgfcomp-version-1-18 2020/01/08 v3.1.5b (3.1.5b)
))
(D:\MiKTex\tex/latex/pgf/utilities\pgffor.sty
(D:\MiKTex\tex/latex/pgf/utilities\pgfkeys.sty
(D:\MiKTex\tex/generic/pgf/utilities\pgfkeys.code.tex))
(D:\MiKTex\tex/latex/pgf/math\pgfmath.sty
(D:\MiKTex\tex/generic/pgf/math\pgfmath.code.tex))
(D:\MiKTex\tex/generic/pgf/utilities\pgffor.code.tex
Package: pgffor 2020/01/08 v3.1.5b (3.1.5b)

(D:\MiKTex\tex/generic/pgf/math\pgfmath.code.tex)
\pgffor@iter=\dimen184
\pgffor@skip=\dimen185
\pgffor@stack=\toks31
\pgffor@toks=\toks32
))
(D:\MiKTex\tex/generic/pgf/frontendlayer/tikz\tikz.code.tex
Package: tikz 2020/01/08 v3.1.5b (3.1.5b)

(D:\MiKTex\tex/generic/pgf/libraries\pgflibraryplothandlers.code.tex
File: pgflibraryplothandlers.code.tex 2020/01/08 v3.1.5b (3.1.5b)
\pgf@plot@mark@count=\count191
\pgfplotmarksize=\dimen186
)
\tikz@lastx=\dimen187
\tikz@lasty=\dimen188
\tikz@lastxsaved=\dimen189
\tikz@lastysaved=\dimen190
\tikz@lastmovetox=\dimen191
\tikz@lastmovetoy=\dimen192
\tikzleveldistance=\dimen193
\tikzsiblingdistance=\dimen194
\tikz@figbox=\box52
\tikz@figbox@bg=\box53
\tikz@tempbox=\box54
\tikz@tempbox@bg=\box55
\tikztreelevel=\count192
\tikznumberofchildren=\count193
\tikznumberofcurrentchild=\count194
\tikz@fig@count=\count195

(D:\MiKTex\tex/generic/pgf/modules\pgfmodulematrix.code.tex
File: pgfmodulematrix.code.tex 2020/01/08 v3.1.5b (3.1.5b)
\pgfmatrixcurrentrow=\count196
\pgfmatrixcurrentcolumn=\count197
\pgf@matrix@numberofcolumns=\count198
)
\tikz@expandcount=\count199

(D:\MiKTex\tex/generic/pgf/frontendlayer/tikz/libraries\tikzlibrarytopaths.code
.tex
File: tikzlibrarytopaths.code.tex 2020/01/08 v3.1.5b (3.1.5b)
))) (D:\MiKTex\tex/latex/everypage\everypage.sty
Package: everypage 2007/06/20 1.1 Hooks to run on every page
)
(D:\MiKTex\tex/latex/tools\afterpage.sty
Package: afterpage 2014/10/28 v1.08 After-Page Package (DPC)
\AP@output=\toks33
\AP@partial=\box56
\AP@footins=\box57
))
(D:\MiKTex\tex/latex/l3backend\l3backend-pdfmode.def
File: l3backend-pdfmode.def 2020-06-29 L3 backend support: PDF mode
\l__kernel_color_stack_int=\count266
\l__pdf_internal_box=\box58
) (actividad_01.aux)
\openout1 = `actividad_01.aux'.

LaTeX Font Info:    Checking defaults for OML/cmm/m/it on input line 26.
LaTeX Font Info:    ... okay on input line 26.
LaTeX Font Info:    Checking defaults for OMS/cmsy/m/n on input line 26.
LaTeX Font Info:    ... okay on input line 26.
LaTeX Font Info:    Checking defaults for OT1/cmr/m/n on input line 26.
LaTeX Font Info:    ... okay on input line 26.
LaTeX Font Info:    Checking defaults for T1/cmr/m/n on input line 26.
LaTeX Font Info:    ... okay on input line 26.
LaTeX Font Info:    Checking defaults for TS1/cmr/m/n on input line 26.
LaTeX Font Info:    ... okay on input line 26.
LaTeX Font Info:    Checking defaults for OMX/cmex/m/n on input line 26.
LaTeX Font Info:    ... okay on input line 26.
LaTeX Font Info:    Checking defaults for U/cmr/m/n on input line 26.
LaTeX Font Info:    ... okay on input line 26.

*geometry* driver: auto-detecting
*geometry* detected driver: pdftex
*geometry* verbose mode - [ preamble ] result:
* driver: pdftex
* paper: <default>
* layout: <same size as paper>
* layoutoffset:(h,v)=(0.0pt,0.0pt)
* modes: 
* h-part:(L,W,R)=(71.13188pt, 472.03123pt, 71.13188pt)
* v-part:(T,H,B)=(56.9055pt, 681.15898pt, 56.9055pt)
* \paperwidth=614.295pt
* \paperheight=794.96999pt
* \textwidth=472.03123pt
* \textheight=681.15898pt
* \oddsidemargin=-1.1381pt
* \evensidemargin=-1.1381pt
* \topmargin=-52.36449pt
* \headheight=12.0pt
* \headsep=25.0pt
* \topskip=10.0pt
* \footskip=30.0pt
* \marginparwidth=65.0pt
* \marginparsep=11.0pt
* \columnsep=10.0pt
* \skip\footins=9.0pt plus 4.0pt minus 2.0pt
* \hoffset=0.0pt
* \voffset=0.0pt
* \mag=1000
* \@twocolumnfalse
* \@twosidefalse
* \@mparswitchfalse
* \@reversemarginfalse
* (1in=72.27pt=25.4mm, 1cm=28.453pt)

(D:\MiKTex\tex/context/base/mkii\supp-pdf.mkii
[Loading MPS to PDF converter (version 2006.09.02).]
\scratchcounter=\count267
\scratchdimen=\dimen195
\scratchbox=\box59
\nofMPsegments=\count268
\nofMParguments=\count269
\everyMPshowfont=\toks34
\MPscratchCnt=\count270
\MPscratchDim=\dimen196
\MPnumerator=\count271
\makeMPintoPDFobject=\count272
\everyMPtoPDFconversion=\toks35
) (D:\MiKTex\tex/latex/epstopdf-pkg\epstopdf-base.sty
Package: epstopdf-base 2020-01-24 v2.11 Base part for package epstopdf
Package epstopdf-base Info: Redefining graphics rule for `.eps' on input line 4
85.
)
ABD: EveryShipout initializing macros
LaTeX Font Info:    External font `cmex10' loaded for size
(Font)              <12> on input line 40.
LaTeX Font Info:    External font `cmex10' loaded for size
(Font)              <8> on input line 40.
LaTeX Font Info:    External font `cmex10' loaded for size
(Font)              <6> on input line 40.

Underfull \hbox (badness 10000) in paragraph at lines 66--76

 []


Underfull \hbox (badness 10000) in paragraph at lines 66--76

 []


Underfull \hbox (badness 10000) in paragraph at lines 66--76

 []


Underfull \hbox (badness 10000) in paragraph at lines 66--76

 []

<LOGO_UDG.png, id=4, 189.70876pt x 268.00125pt>
File: LOGO_UDG.png Graphic file (type png)
<use LOGO_UDG.png>
Package pdftex.def Info: LOGO_UDG.png  used on input line 88.
(pdftex.def)             Requested size: 614.36061pt x 794.96832pt.
[1

{C:/Users/Jhonny/AppData/Local/MiKTeX/pdftex/config/pdftex.map} <./LOGO_UDG.png
>]
<./Estructura.jpg, id=15, 252.945pt x 105.15285pt>
File: ./Estructura.jpg Graphic file (type jpg)
<use ./Estructura.jpg>
Package pdftex.def Info: ./Estructura.jpg  used on input line 105.
(pdftex.def)             Requested size: 426.79134pt x 177.4273pt.

Underfull \hbox (badness 10000) in paragraph at lines 112--119

 []


Underfull \hbox (badness 10000) in paragraph at lines 112--119

 []


Underfull \hbox (badness 10000) in paragraph at lines 112--119

 []


Underfull \hbox (badness 10000) in paragraph at lines 126--137

 []


Underfull \hbox (badness 10000) in paragraph at lines 126--137

 []


Underfull \hbox (badness 10000) in paragraph at lines 126--137

 []


Underfull \hbox (badness 10000) in paragraph at lines 126--137

 []

File: LOGO_UDG.png Graphic file (type png)
<use LOGO_UDG.png>
Package pdftex.def Info: LOGO_UDG.png  used on input line 137.
(pdftex.def)             Requested size: 614.36061pt x 794.96832pt.
<logo_udg_color.png, id=16, 175.3752pt x 248.6088pt>
File: logo_udg_color.png Graphic file (type png)
<use logo_udg_color.png>
Package pdftex.def Info: logo_udg_color.png  used on input line 137.
(pdftex.def)             Requested size: 42.67912pt x 60.50188pt.
[2 <./logo_udg_color.png> <./Estructura.jpg>]
Overfull \hbox (16.56332pt too wide) in paragraph at lines 140--140
[]\OT1/cmr/bx/n/14.4 ?`Cuales son las tres or-gan-i-ca-ciones fun-da-men-tales
 de los archivos? 
 []


Underfull \hbox (badness 10000) in paragraph at lines 178--183

 []


Underfull \hbox (badness 10000) in paragraph at lines 178--183

 []

File: LOGO_UDG.png Graphic file (type png)
<use LOGO_UDG.png>
Package pdftex.def Info: LOGO_UDG.png  used on input line 183.
(pdftex.def)             Requested size: 614.36061pt x 794.96832pt.
File: logo_udg_color.png Graphic file (type png)
<use logo_udg_color.png>
Package pdftex.def Info: logo_udg_color.png  used on input line 183.
(pdftex.def)             Requested size: 42.67912pt x 60.50188pt.
[3]
<./Modos.PNG, id=27, 335.75438pt x 157.33781pt>
File: ./Modos.PNG Graphic file (type png)
<use ./Modos.PNG>
Package pdftex.def Info: ./Modos.PNG  used on input line 195.
(pdftex.def)             Requested size: 335.75356pt x 157.33742pt.

Underfull \hbox (badness 10000) in paragraph at lines 189--197

 []


Underfull \hbox (badness 10000) in paragraph at lines 189--197

 []


Underfull \hbox (badness 10000) in paragraph at lines 189--197

 []


Underfull \hbox (badness 10000) in paragraph at lines 201--207

 []


Underfull \hbox (badness 10000) in paragraph at lines 201--207

 []


Underfull \hbox (badness 10000) in paragraph at lines 211--217

 []


Underfull \hbox (badness 10000) in paragraph at lines 211--217

 []

File: LOGO_UDG.png Graphic file (type png)
<use LOGO_UDG.png>
Package pdftex.def Info: LOGO_UDG.png  used on input line 217.
(pdftex.def)             Requested size: 614.36061pt x 794.96832pt.
File: logo_udg_color.png Graphic file (type png)
<use logo_udg_color.png>
Package pdftex.def Info: logo_udg_color.png  used on input line 217.
(pdftex.def)             Requested size: 42.67912pt x 60.50188pt.
[4 <./Modos.PNG>]
Underfull \hbox (badness 10000) in paragraph at lines 221--230

 []


Underfull \hbox (badness 10000) in paragraph at lines 221--230

 []


Underfull \hbox (badness 10000) in paragraph at lines 234--235
[]\OT1/cmr/m/sc/10 Rosa Erendira Reyes Luna. (2015). Or-ga-ni-zaci[]on de archi
vos. 19 de Sep-
 []


Underfull \hbox (badness 6842) in paragraph at lines 234--235
\OT1/cmr/m/sc/10 tiem-bre del a[]no 2020, de Cen-tro Uni-ver-si-tario UAEM Zump
ango Sitio web:
 []

File: LOGO_UDG.png Graphic file (type png)
<use LOGO_UDG.png>
Package pdftex.def Info: LOGO_UDG.png  used on input line 237.
(pdftex.def)             Requested size: 614.36061pt x 794.96832pt.
File: logo_udg_color.png Graphic file (type png)
<use logo_udg_color.png>
Package pdftex.def Info: logo_udg_color.png  used on input line 237.
(pdftex.def)             Requested size: 42.67912pt x 60.50188pt.
[5] (actividad_01.aux) ) 
Here is how much of TeX's memory you used:
 12498 strings out of 480790
 247831 string characters out of 2913608
 475096 words of memory out of 3000000
 28277 multiletter control sequences out of 15000+200000
 538268 words of font info for 43 fonts, out of 3000000 for 9000
 1141 hyphenation exceptions out of 8191
 68i,17n,64p,491b,747s stack positions out of 5000i,500n,10000p,200000b,50000s
 <C:\Users\Jhonny\AppData\Local\MiKTeX\fonts/pk/ljfour/
jknappen/ec/dpi600\tcrm1000.pk> <C:\Users\Jhonny\AppData\Local\MiKTeX\fonts/pk/
ljfour/jknappen/ec/dpi600\tcbx1000.pk><D:/MiKTex/fonts/type1/public/amsfonts/cm
/cmbx10.pfb><D:/MiKTex/fonts/type1/public/amsfonts/cm/cmbx12.pfb><D:/MiKTex/fon
ts/type1/public/amsfonts/cm/cmcsc10.pfb><D:/MiKTex/fonts/type1/public/amsfonts/
cm/cmr10.pfb><D:/MiKTex/fonts/type1/public/amsfonts/cm/cmr12.pfb><D:/MiKTex/fon
ts/type1/public/amsfonts/cm/cmti10.pfb>
Output written on actividad_01.pdf (5 pages, 284433 bytes).
PDF statistics:
 63 PDF objects out of 1000 (max. 8388607)
 0 named destinations out of 1000 (max. 500000)
 33 words of extra memory for PDF output out of 10000 (max. 10000000)

